# Logfile created on Tue Jul 14 21:33:48 +0800 2009  [4;36;1mSQL (0.6ms)[0m   [0;1m SELECT name
 FROM sqlite_master
 WHERE type = 'table' AND NOT name = 'sqlite_sequence'
[0m
  [4;36;1mSQL (0.6ms)[0m   [0;1m SELECT name
 FROM sqlite_master
 WHERE type = 'table' AND NOT name = 'sqlite_sequence'
[0m
  [4;36;1mSQL (1.4ms)[0m   [0;1m SELECT name
 FROM sqlite_master
 WHERE type = 'table' AND NOT name = 'sqlite_sequence'
[0m
  [4;35;1mHost Exists (0.4ms)[0m   [0mSELECT "hosts".id FROM "hosts" WHERE ("hosts"."ip" = '') LIMIT 1[0m
  [4;36;1mHost Exists (0.3ms)[0m   [0;1mSELECT "hosts".id FROM "hosts" WHERE ("hosts"."mac" = '') LIMIT 1[0m
  [4;36;1mSQL (1.5ms)[0m   [0;1m SELECT name
 FROM sqlite_master
 WHERE type = 'table' AND NOT name = 'sqlite_sequence'
[0m
  [4;36;1mSQL (1.5ms)[0m   [0;1m SELECT name
 FROM sqlite_master
 WHERE type = 'table' AND NOT name = 'sqlite_sequence'
[0m
  [4;35;1mHost Exists (0.4ms)[0m   [0mSELECT "hosts".id FROM "hosts" WHERE ("hosts"."ip" = '') LIMIT 1[0m
  [4;36;1mHost Exists (0.2ms)[0m   [0;1mSELECT "hosts".id FROM "hosts" WHERE ("hosts"."mac" = '') LIMIT 1[0m
  [4;35;1mHost Exists (0.2ms)[0m   [0mSELECT "hosts".id FROM "hosts" WHERE ("hosts"."hostname" = 'x') LIMIT 1[0m
  [4;36;1mHost Load (0.5ms)[0m   [0;1mSELECT * FROM "hosts" [0m
  [4;35;1mHost Exists (0.3ms)[0m   [0mSELECT "hosts".id FROM "hosts" WHERE ("hosts"."ip" = '') LIMIT 1[0m
  [4;36;1mHost Exists (0.2ms)[0m   [0;1mSELECT "hosts".id FROM "hosts" WHERE ("hosts"."mac" = '') LIMIT 1[0m
  [4;35;1mHost Exists (0.2ms)[0m   [0mSELECT "hosts".id FROM "hosts" WHERE ("hosts"."hostname" = 'x') LIMIT 1[0m
  [4;36;1mSQL (0.3ms)[0m   [0;1m SELECT name
 FROM sqlite_master
 WHERE type = 'table' AND NOT name = 'sqlite_sequence'
[0m
  [4;35;1mSQL (0.2ms)[0m   [0mselect sqlite_version(*)[0m
  [4;36;1mSQL (11.5ms)[0m   [0;1mCREATE TABLE "schema_migrations" ("version" varchar(255) NOT NULL) [0m
  [4;35;1mSQL (3.3ms)[0m   [0mCREATE UNIQUE INDEX "unique_schema_migrations" ON "schema_migrations" ("version")[0m
  [4;36;1mSQL (0.2ms)[0m   [0;1m SELECT name
 FROM sqlite_master
 WHERE type = 'table' AND NOT name = 'sqlite_sequence'
[0m
  [4;35;1mSQL (0.1ms)[0m   [0mSELECT version FROM schema_migrations[0m
Migrating to CreateHosts (20090714132448)
  [4;36;1mSQL (0.6ms)[0m   [0;1mCREATE TABLE "hosts" ("id" INTEGER PRIMARY KEY AUTOINCREMENT NOT NULL, "mac" varchar(17) DEFAULT '' NOT NULL, "ip" varchar(15) DEFAULT '' NOT NULL, "hostname" varchar(16) DEFAULT '', "root_pass" varchar(64) DEFAULT '' NOT NULL, "domain_id" integer NOT NULL, "architecture_id" integer NOT NULL, "user_id" integer NOT NULL, "edit_by_id" integer NOT NULL, "gi_id" integer NOT NULL, "media_id" integer NOT NULL, "created_at" datetime, "updated_at" datetime, "build" boolean DEFAULT 't' NOT NULL, "serial" varchar(12) DEFAULT '' NOT NULL, "model_id" integer, "subnet_id" integer DEFAULT 0 NOT NULL, "hosttype_id" integer NOT NULL, "environment_id" integer DEFAULT 3 NOT NULL, "comment" text, "disk" text, "puppetmaster" varchar(255), "services" varchar(1024), "sp_mac" varchar(17), "sp_ip" varchar(15), "sp_hostname" varchar(16), "sp_pass" varchar(64), "sp_subnet_id" integer, "deployment_id" integer, "ptable_id" integer, "last_connect" datetime, "installed_at" datetime, "puppet_status" integer DEFAULT 0 NOT NULL, "unconfigured" boolean DEFAULT 't' NOT NULL) [0m
  [4;35;1mSQL (0.1ms)[0m   [0mINSERT INTO schema_migrations (version) VALUES ('20090714132448')[0m
  [4;36;1mSQL (0.3ms)[0m   [0;1m SELECT name
 FROM sqlite_master
 WHERE type = 'table' AND NOT name = 'sqlite_sequence'
[0m
  [4;35;1mSQL (0.1ms)[0m   [0mSELECT version FROM schema_migrations[0m
  [4;36;1mSQL (0.2ms)[0m   [0;1m SELECT name
 FROM sqlite_master
 WHERE type = 'table' AND NOT name = 'sqlite_sequence'
[0m
  [4;35;1mSQL (0.1ms)[0m   [0mPRAGMA index_list("hosts")[0m
